<?xml version="1.0" encoding="UTF-8"?>
<testng-results ignored="0" total="1" passed="1" failed="0" skipped="0">
  <reporter-output>
  </reporter-output>
  <suite started-at="2022-05-31T14:23:26 EDT" name="Default suite" finished-at="2022-05-31T14:23:27 EDT" duration-ms="1073">
    <groups>
    </groups>
    <test started-at="2022-05-31T14:23:26 EDT" name="Default test" finished-at="2022-05-31T14:23:27 EDT" duration-ms="1073">
      <class name="com.testcases.PostCreateEmpHashMap">
        <test-method is-config="true" signature="setUp()[pri:0, instance:com.testcases.PostCreateEmpHashMap@7586beff]" started-at="2022-05-31T14:23:26 EDT" name="setUp" finished-at="2022-05-31T14:23:26 EDT" duration-ms="229" status="PASS">
          <reporter-output>
          </reporter-output>
        </test-method> <!-- setUp -->
        <test-method signature="postCreateEmpMap()[pri:0, instance:com.testcases.PostCreateEmpHashMap@7586beff]" started-at="2022-05-31T14:23:26 EDT" name="postCreateEmpMap" finished-at="2022-05-31T14:23:27 EDT" duration-ms="810" status="PASS">
          <reporter-output>
          </reporter-output>
        </test-method> <!-- postCreateEmpMap -->
      </class> <!-- com.testcases.PostCreateEmpHashMap -->
    </test> <!-- Default test -->
  </suite> <!-- Default suite -->
</testng-results>
